<?xml version="1.0" encoding="UTF-8"?>
<!-- Generated by org.testng.reporters.JUnitReportReporter -->
<testsuite skipped="0" hostname="DESKTOP-CRHCDT9" name="com.Alert.AlertDemo" tests="1" failures="0" timestamp="23 Nov 2017 06:56:00 GMT" time="12.714" errors="0">
  <testcase name="handleAlert" time="12.714" classname="com.Alert.AlertDemo"/>
</testsuite> <!-- com.Alert.AlertDemo -->
