<?xml version="1.0" encoding="UTF-8"?>
<!-- Generated by org.testng.reporters.JUnitReportReporter -->
<testsuite skipped="0" hostname="DESKTOP-CRHCDT9" name="com.ScrollintoViewOrScrollForElement.ScrollforElement" tests="1" failures="0" timestamp="02 Nov 2017 18:42:10 GMT" time="9.161" errors="0">
  <testcase name="scrolling" time="9.161" classname="com.ScrollintoViewOrScrollForElement.ScrollforElement"/>
</testsuite> <!-- com.ScrollintoViewOrScrollForElement.ScrollforElement -->
